<?xml version="1.0" encoding="UTF-8"?>
<!-- Generated by org.testng.reporters.JUnitReportReporter -->
<testsuite name="TestNgRevision.DependsOnGroupsTestNg_7" tests="8" time="0.043" ignored="0" failures="1" timestamp="19 Oct 2022 06:51:33 GMT" skipped="4" hostname="PAKU-BLR-01" errors="0">
  <testcase name="C" time="0.000" classname="TestNgRevision.DependsOnGroupsTestNg_7">
    <skipped/>
  </testcase> <!-- C -->
  <testcase name="B" time="0.000" classname="TestNgRevision.DependsOnGroupsTestNg_7">
    <skipped/>
  </testcase> <!-- B -->
  <testcase name="logout" time="0.004" classname="TestNgRevision.DependsOnGroupsTestNg_7"/>
  <testcase name="login" time="0.024" classname="TestNgRevision.DependsOnGroupsTestNg_7">
    <failure type="java.lang.AssertionError" message="expected [false] but found [true]">
      <![CDATA[java.lang.AssertionError: expected [false] but found [true]
	at org.testng.Assert.fail(Assert.java:94)
	at org.testng.Assert.failNotEquals(Assert.java:513)
	at org.testng.Assert.assertEqualsImpl(Assert.java:135)
	at org.testng.Assert.assertEquals(Assert.java:116)
	at org.testng.Assert.assertEquals(Assert.java:305)
	at org.testng.Assert.assertEquals(Assert.java:315)
	at TestNgRevision.DependsOnGroupsTestNg_7.login(DependsOnGroupsTestNg_7.java:17)
	at sun.reflect.NativeMethodAccessorImpl.invoke0(Native Method)
	at sun.reflect.NativeMethodAccessorImpl.invoke(NativeMethodAccessorImpl.java:62)
	at sun.reflect.DelegatingMethodAccessorImpl.invoke(DelegatingMethodAccessorImpl.java:43)
	at java.lang.reflect.Method.invoke(Method.java:498)
	at org.testng.internal.MethodInvocationHelper.invokeMethod(MethodInvocationHelper.java:104)
	at org.testng.internal.Invoker.invokeMethod(Invoker.java:645)
	at org.testng.internal.Invoker.invokeTestMethod(Invoker.java:851)
	at org.testng.internal.Invoker.invokeTestMethods(Invoker.java:1177)
	at org.testng.internal.TestMethodWorker.invokeTestMethods(TestMethodWorker.java:129)
	at org.testng.internal.TestMethodWorker.run(TestMethodWorker.java:112)
	at org.testng.TestRunner.privateRun(TestRunner.java:756)
	at org.testng.TestRunner.run(TestRunner.java:610)
	at org.testng.SuiteRunner.runTest(SuiteRunner.java:387)
	at org.testng.SuiteRunner.runSequentially(SuiteRunner.java:382)
	at org.testng.SuiteRunner.privateRun(SuiteRunner.java:340)
	at org.testng.SuiteRunner.run(SuiteRunner.java:289)
	at org.testng.SuiteRunnerWorker.runSuite(SuiteRunnerWorker.java:52)
	at org.testng.SuiteRunnerWorker.run(SuiteRunnerWorker.java:86)
	at org.testng.TestNG.runSuitesSequentially(TestNG.java:1293)
	at org.testng.TestNG.runSuitesLocally(TestNG.java:1218)
	at org.testng.TestNG.runSuites(TestNG.java:1133)
	at org.testng.TestNG.run(TestNG.java:1104)
	at org.testng.remote.AbstractRemoteTestNG.run(AbstractRemoteTestNG.java:132)
	at org.testng.remote.RemoteTestNG.initAndRun(RemoteTestNG.java:236)
	at org.testng.remote.RemoteTestNG.main(RemoteTestNG.java:81)
]]>
    </failure>
  </testcase> <!-- login -->
  <testcase name="homeTest" time="0.000" classname="TestNgRevision.DependsOnGroupsTestNg_7">
    <skipped/>
  </testcase> <!-- homeTest -->
  <testcase name="D" time="0.009" classname="TestNgRevision.DependsOnGroupsTestNg_7"/>
  <testcase name="contactsTest" time="0.000" classname="TestNgRevision.DependsOnGroupsTestNg_7">
    <skipped/>
  </testcase> <!-- contactsTest -->
  <testcase name="A" time="0.006" classname="TestNgRevision.DependsOnGroupsTestNg_7"/>
</testsuite> <!-- TestNgRevision.DependsOnGroupsTestNg_7 -->
